[uWSGI] using xml uwsgi id: thrift_server
[uWSGI] parsing config file /Users/yezi/Documents/workspace/python/cmdb/bin/../conf/deploy.xml
*** Starting uWSGI 1.0.4 (64bit) on [Wed Apr  4 12:53:52 2012] ***
compiled with version: 4.2.1 (Based on Apple Inc. build 5658) (LLVM build 2336.9.00) on 30 March 2012 17:46:49
current working directory: /Users/yezi/Documents/workspace/python/cmdb/bin
writing pidfile to /Users/yezi/Documents/workspace/python/cmdb/bin/thriftserver.pid
detected binary path: /Users/yezi/develop/uwsgi-1.0.4/uwsgi
*** WARNING: you are running uWSGI without its master process manager ***
your memory page size is 4096 bytes
uwsgi socket 0 bound to TCP address 0.0.0.0:9090 fd 3
Python version: 2.7.2 (v2.7.2:8527427914a2, Jun 11 2011, 15:22:34)  [GCC 4.2.1 (Apple Inc. build 5666) (dot 3)]
Python main interpreter initialized at 0x10040cea0
your server socket listen backlog is limited to 100 connections
*** Operational MODE: single process ***
added /Users/yezi/Documents/workspace/python/cmdb/cmdb/ to pythonpath.
WSGI application 0 (mountpoint='') ready on interpreter 0x10040cea0 pid: 12562 (default app)
*** uWSGI is running in multiple interpreter mode ***
spawned uWSGI worker 1 (and the only) (pid: 12562, cores: 1)
-- unavailable modifier requested: 128 --
[uWSGI] using xml uwsgi id: thrift_server
[uWSGI] parsing config file /Users/yezi/Documents/workspace/python/cmdb/bin/../conf/deploy.xml
*** Starting uWSGI 1.0.4 (64bit) on [Wed Apr  4 13:27:38 2012] ***
compiled with version: 4.2.1 (Based on Apple Inc. build 5658) (LLVM build 2336.9.00) on 30 March 2012 17:46:49
current working directory: /Users/yezi/Documents/workspace/python/cmdb/bin
writing pidfile to /Users/yezi/Documents/workspace/python/cmdb/bin/thriftserver.pid
detected binary path: /Users/yezi/develop/uwsgi-1.0.4/uwsgi
*** WARNING: you are running uWSGI without its master process manager ***
your memory page size is 4096 bytes
uwsgi socket 0 bound to TCP address 0.0.0.0:9090 fd 3
Python version: 2.7.2 (v2.7.2:8527427914a2, Jun 11 2011, 15:22:34)  [GCC 4.2.1 (Apple Inc. build 5666) (dot 3)]
Python main interpreter initialized at 0x10040cea0
your server socket listen backlog is limited to 100 connections
*** Operational MODE: single process ***
added /Users/yezi/Documents/workspace/python/cmdb/cmdb/ to pythonpath.
WSGI application 0 (mountpoint='') ready on interpreter 0x10040cea0 pid: 12822 (default app)
*** uWSGI is running in multiple interpreter mode ***
spawned uWSGI worker 1 (and the only) (pid: 12822, cores: 1)
-- unavailable modifier requested: 128 --
-- unavailable modifier requested: 128 --
[uWSGI] using xml uwsgi id: thrift_server
[uWSGI] parsing config file /Users/yezi/Documents/workspace/python/cmdb/bin/../conf/deploy.xml
*** Starting uWSGI 1.0.4 (64bit) on [Thu Apr  5 00:15:17 2012] ***
compiled with version: 4.2.1 (Based on Apple Inc. build 5658) (LLVM build 2336.9.00) on 30 March 2012 17:46:49
current working directory: /Users/yezi/Documents/workspace/python/cmdb/bin
writing pidfile to /Users/yezi/Documents/workspace/python/cmdb/bin/thriftserver.pid
detected binary path: /Users/yezi/develop/uwsgi-1.0.4/uwsgi
*** WARNING: you are running uWSGI without its master process manager ***
your memory page size is 4096 bytes
probably another instance of uWSGI is running on the same address.
bind(): Address already in use [socket.c line 598]
[uWSGI] using xml uwsgi id: thrift_server
[uWSGI] parsing config file /Users/yezi/Documents/workspace/python/cmdb/bin/../conf/deploy.xml
*** Starting uWSGI 1.0.4 (64bit) on [Thu Apr  5 00:16:37 2012] ***
compiled with version: 4.2.1 (Based on Apple Inc. build 5658) (LLVM build 2336.9.00) on 30 March 2012 17:46:49
current working directory: /Users/yezi/Documents/workspace/python/cmdb/bin
writing pidfile to /Users/yezi/Documents/workspace/python/cmdb/bin/thriftserver.pid
detected binary path: /Users/yezi/develop/uwsgi-1.0.4/uwsgi
*** WARNING: you are running uWSGI without its master process manager ***
your memory page size is 4096 bytes
uwsgi socket 0 bound to TCP address 0.0.0.0:9090 fd 3
Python version: 2.7.2 (v2.7.2:8527427914a2, Jun 11 2011, 15:22:34)  [GCC 4.2.1 (Apple Inc. build 5666) (dot 3)]
Python main interpreter initialized at 0x10040cea0
your server socket listen backlog is limited to 100 connections
*** Operational MODE: single process ***
added /Users/yezi/Documents/workspace/python/cmdb/cmdb/ to pythonpath.
WSGI application 0 (mountpoint='') ready on interpreter 0x10040cea0 pid: 26113 (default app)
*** uWSGI is running in multiple interpreter mode ***
spawned uWSGI worker 1 (and the only) (pid: 26113, cores: 1)
-- unavailable modifier requested: 128 --
-- unavailable modifier requested: 128 --
-- unavailable modifier requested: 128 --
[uWSGI] using xml uwsgi id: thrift_server
[uWSGI] parsing config file /Users/yezi/Documents/workspace/python/cmdb/bin/../conf/deploy.xml
*** Starting uWSGI 1.0.4 (64bit) on [Thu Apr  5 00:37:15 2012] ***
compiled with version: 4.2.1 (Based on Apple Inc. build 5658) (LLVM build 2336.9.00) on 30 March 2012 17:46:49
current working directory: /Users/yezi/Documents/workspace/python/cmdb/bin
writing pidfile to /Users/yezi/Documents/workspace/python/cmdb/bin/thriftserver.pid
detected binary path: /Users/yezi/develop/uwsgi-1.0.4/uwsgi
*** WARNING: you are running uWSGI without its master process manager ***
your memory page size is 4096 bytes
uwsgi socket 0 bound to TCP address 0.0.0.0:9090 fd 3
Python version: 2.7.2 (v2.7.2:8527427914a2, Jun 11 2011, 15:22:34)  [GCC 4.2.1 (Apple Inc. build 5666) (dot 3)]
Python main interpreter initialized at 0x10040cea0
your server socket listen backlog is limited to 100 connections
*** Operational MODE: single process ***
added /Users/yezi/Documents/workspace/python/cmdb/cmdb/ to pythonpath.
WSGI application 0 (mountpoint='') ready on interpreter 0x10040cea0 pid: 26287 (default app)
*** uWSGI is running in multiple interpreter mode ***
spawned uWSGI worker 1 (and the only) (pid: 26287, cores: 1)
